Handling lib "rpc-uart"...
Handling lib "rpc-service-fs"...
Handling lib "rpc-service-config"...
The --lib flag was not given for it, checking repository
The --lib flag was not given for it, checking repository
The --lib flag was not given for it, checking repository
Prebuilt binary for "rpc-uart" already exists
Prepared local dir: "/fwbuild-volumes/2.2/apps/Reset/esp32/build_contexts/build_ctx_446834673/libs/rpc-uart"
Handling lib "rpc-common"...
The --lib flag was not given for it, checking repository
Prebuilt binary for "rpc-service-config" already exists
Prepared local dir: "/fwbuild-volumes/2.2/apps/Reset/esp32/build_contexts/build_ctx_446834673/libs/rpc-service-config"
Lib "rpc-common" is already handled, skipping
Prebuilt binary for "rpc-service-fs" already exists
Prepared local dir: "/fwbuild-volumes/2.2/apps/Reset/esp32/build_contexts/build_ctx_446834673/libs/rpc-service-fs"
Lib "rpc-common" is already handled, skipping
Falling back to sources for "rpc-common" (failed to fetch prebuilt binary: got 404 status code when accessed https://github.com/mongoose-os-libs/rpc-common/releases/download/2.2/librpc-common-esp32.a)
Prepared local dir: "/fwbuild-volumes/2.2/apps/Reset/esp32/build_contexts/build_ctx_446834673/libs/rpc-common"
Lib "http-server" is optional, skipping
The flag --repo is not given, going to use mongoose-os repository
Sources: [/fwbuild-volumes/2.2/apps/Reset/esp32/build_contexts/build_ctx_446834673/src/main.c /fwbuild-volumes/2.2/apps/Reset/esp32/build_contexts/build_ctx_446834673/build/gen/mgos_deps_init.c /fwbuild-volumes/2.2/apps/Reset/esp32/build_contexts/build_ctx_446834673/libs/rpc-common/src/mg_rpc/mg_rpc.c /fwbuild-volumes/2.2/apps/Reset/esp32/build_contexts/build_ctx_446834673/libs/rpc-common/src/mg_rpc/mg_rpc_channel.c /fwbuild-volumes/2.2/apps/Reset/esp32/build_contexts/build_ctx_446834673/libs/rpc-common/src/mg_rpc/mg_rpc_channel_http.c /fwbuild-volumes/2.2/apps/Reset/esp32/build_contexts/build_ctx_446834673/libs/rpc-common/src/mg_rpc/mg_rpc_channel_ws.c /fwbuild-volumes/2.2/apps/Reset/esp32/build_contexts/build_ctx_446834673/libs/rpc-common/src/mgos_rpc.c /fwbuild-volumes/2.2/apps/Reset/esp32/build_contexts/build_ctx_446834673/libs/rpc-service-config/src/mgos_service_config.c /fwbuild-volumes/2.2/apps/Reset/esp32/build_contexts/build_ctx_446834673/libs/rpc-service-fs/src/mgos_service_filesystem.c /fwbuild-volumes/2.2/apps/Reset/esp32/build_contexts/build_ctx_446834673/libs/rpc-uart/src/mgos_rpc_channel_uart.c]
Include dirs: [/fwbuild-volumes/2.2/apps/Reset/esp32/build_contexts/build_ctx_446834673/libs/rpc-common/include/mg_rpc /fwbuild-volumes/2.2/apps/Reset/esp32/build_contexts/build_ctx_446834673/libs/rpc-common/include /fwbuild-volumes/2.2/apps/Reset/esp32/build_contexts/build_ctx_446834673/libs/rpc-service-config/include /fwbuild-volumes/2.2/apps/Reset/esp32/build_contexts/build_ctx_446834673/libs/rpc-service-fs/include /fwbuild-volumes/2.2/apps/Reset/esp32/build_contexts/build_ctx_446834673/libs/rpc-uart/include]
Binary libs: []
Building...
mount from "/fwbuild-volumes/2.2/apps/Reset/esp32/build_contexts/build_ctx_446834673" to "/app"
mount from "/fwbuild-volumes/2.2/apps/Reset/esp32/build_contexts/build_ctx_446834673/modules/mongoose-os" to "/mongoose-os"
mount from "/fwbuild-volumes/2.2/apps/Reset/esp32/build_contexts/build_ctx_446834673/modules/mongoose-os" to "/fwbuild-volumes/2.2/apps/Reset/esp32/build_contexts/build_ctx_446834673/modules/mongoose-os"
mount from "/fwbuild-volumes/2.2/apps/Reset/esp32/build_contexts/build_ctx_446834673/build" to "/fwbuild-volumes/2.2/apps/Reset/esp32/build_contexts/build_ctx_446834673/build"
mount from "/fwbuild-volumes/2.2/apps/Reset/esp32/build_contexts/build_ctx_446834673/src" to "/fwbuild-volumes/2.2/apps/Reset/esp32/build_contexts/build_ctx_446834673/src"
mount from "/fwbuild-volumes/2.2/apps/Reset/esp32/build_contexts/build_ctx_446834673/build/gen" to "/fwbuild-volumes/2.2/apps/Reset/esp32/build_contexts/build_ctx_446834673/build/gen"
mount from "/fwbuild-volumes/2.2/apps/Reset/esp32/build_contexts/build_ctx_446834673/libs/rpc-common/src/mg_rpc" to "/fwbuild-volumes/2.2/apps/Reset/esp32/build_contexts/build_ctx_446834673/libs/rpc-common/src/mg_rpc"
mount from "/fwbuild-volumes/2.2/apps/Reset/esp32/build_contexts/build_ctx_446834673/libs/rpc-common/src" to "/fwbuild-volumes/2.2/apps/Reset/esp32/build_contexts/build_ctx_446834673/libs/rpc-common/src"
mount from "/fwbuild-volumes/2.2/apps/Reset/esp32/build_contexts/build_ctx_446834673/libs/rpc-service-config/src" to "/fwbuild-volumes/2.2/apps/Reset/esp32/build_contexts/build_ctx_446834673/libs/rpc-service-config/src"
mount from "/fwbuild-volumes/2.2/apps/Reset/esp32/build_contexts/build_ctx_446834673/libs/rpc-service-fs/src" to "/fwbuild-volumes/2.2/apps/Reset/esp32/build_contexts/build_ctx_446834673/libs/rpc-service-fs/src"
mount from "/fwbuild-volumes/2.2/apps/Reset/esp32/build_contexts/build_ctx_446834673/libs/rpc-uart/src" to "/fwbuild-volumes/2.2/apps/Reset/esp32/build_contexts/build_ctx_446834673/libs/rpc-uart/src"
mount from "/fwbuild-volumes/2.2/apps/Reset/esp32/build_contexts/build_ctx_446834673/libs/rpc-common/include/mg_rpc" to "/fwbuild-volumes/2.2/apps/Reset/esp32/build_contexts/build_ctx_446834673/libs/rpc-common/include/mg_rpc"
mount from "/fwbuild-volumes/2.2/apps/Reset/esp32/build_contexts/build_ctx_446834673/libs/rpc-common/include" to "/fwbuild-volumes/2.2/apps/Reset/esp32/build_contexts/build_ctx_446834673/libs/rpc-common/include"
mount from "/fwbuild-volumes/2.2/apps/Reset/esp32/build_contexts/build_ctx_446834673/libs/rpc-service-config/include" to "/fwbuild-volumes/2.2/apps/Reset/esp32/build_contexts/build_ctx_446834673/libs/rpc-service-config/include"
mount from "/fwbuild-volumes/2.2/apps/Reset/esp32/build_contexts/build_ctx_446834673/libs/rpc-service-fs/include" to "/fwbuild-volumes/2.2/apps/Reset/esp32/build_contexts/build_ctx_446834673/libs/rpc-service-fs/include"
mount from "/fwbuild-volumes/2.2/apps/Reset/esp32/build_contexts/build_ctx_446834673/libs/rpc-uart/include" to "/fwbuild-volumes/2.2/apps/Reset/esp32/build_contexts/build_ctx_446834673/libs/rpc-uart/include"
mount from "/fwbuild-volumes/2.2/apps/Reset/esp32/build_contexts/build_ctx_446834673/fs" to "/fwbuild-volumes/2.2/apps/Reset/esp32/build_contexts/build_ctx_446834673/fs"
mount from "/fwbuild-volumes/2.2/apps/Reset/esp32/build_contexts/build_ctx_446834673/build/gen" to "/fwbuild-volumes/2.2/apps/Reset/esp32/build_contexts/build_ctx_446834673/build/gen"
Docker arguments: run --name mos_build_2018-06-28T09-17-25-00_1570958211316966525 --rm -i -v /fwbuild-volumes/2.2/apps/Reset/esp32/build_contexts/build_ctx_446834673/build/gen:/fwbuild-volumes/2.2/apps/Reset/esp32/build_contexts/build_ctx_446834673/build/gen -v /fwbuild-volumes/2.2/apps/Reset/esp32/build_contexts/build_ctx_446834673/libs/rpc-service-config/src:/fwbuild-volumes/2.2/apps/Reset/esp32/build_contexts/build_ctx_446834673/libs/rpc-service-config/src -v /fwbuild-volumes/2.2/apps/Reset/esp32/build_contexts/build_ctx_446834673/libs/rpc-uart/src:/fwbuild-volumes/2.2/apps/Reset/esp32/build_contexts/build_ctx_446834673/libs/rpc-uart/src -v /fwbuild-volumes/2.2/apps/Reset/esp32/build_contexts/build_ctx_446834673/modules/mongoose-os:/fwbuild-volumes/2.2/apps/Reset/esp32/build_contexts/build_ctx_446834673/modules/mongoose-os -v /fwbuild-volumes/2.2/apps/Reset/esp32/build_contexts/build_ctx_446834673/src:/fwbuild-volumes/2.2/apps/Reset/esp32/build_contexts/build_ctx_446834673/src -v /fwbuild-volumes/2.2/apps/Reset/esp32/build_contexts/build_ctx_446834673/libs/rpc-common/src/mg_rpc:/fwbuild-volumes/2.2/apps/Reset/esp32/build_contexts/build_ctx_446834673/libs/rpc-common/src/mg_rpc -v /fwbuild-volumes/2.2/apps/Reset/esp32/build_contexts/build_ctx_446834673/libs/rpc-common/src:/fwbuild-volumes/2.2/apps/Reset/esp32/build_contexts/build_ctx_446834673/libs/rpc-common/src -v /fwbuild-volumes/2.2/apps/Reset/esp32/build_contexts/build_ctx_446834673/libs/rpc-common/include:/fwbuild-volumes/2.2/apps/Reset/esp32/build_contexts/build_ctx_446834673/libs/rpc-common/include -v /fwbuild-volumes/2.2/apps/Reset/esp32/build_contexts/build_ctx_446834673/libs/rpc-service-config/include:/fwbuild-volumes/2.2/apps/Reset/esp32/build_contexts/build_ctx_446834673/libs/rpc-service-config/include -v /fwbuild-volumes/2.2/apps/Reset/esp32/build_contexts/build_ctx_446834673/libs/rpc-service-fs/include:/fwbuild-volumes/2.2/apps/Reset/esp32/build_contexts/build_ctx_446834673/libs/rpc-service-fs/include -v /fwbuild-volumes/2.2/apps/Reset/esp32/build_contexts/build_ctx_446834673/fs:/fwbuild-volumes/2.2/apps/Reset/esp32/build_contexts/build_ctx_446834673/fs -v /fwbuild-volumes/2.2/apps/Reset/esp32/build_contexts/build_ctx_446834673:/app -v /fwbuild-volumes/2.2/apps/Reset/esp32/build_contexts/build_ctx_446834673/libs/rpc-uart/include:/fwbuild-volumes/2.2/apps/Reset/esp32/build_contexts/build_ctx_446834673/libs/rpc-uart/include -v /fwbuild-volumes/2.2/apps/Reset/esp32/build_contexts/build_ctx_446834673/libs/rpc-service-fs/src:/fwbuild-volumes/2.2/apps/Reset/esp32/build_contexts/build_ctx_446834673/libs/rpc-service-fs/src -v /fwbuild-volumes/2.2/apps/Reset/esp32/build_contexts/build_ctx_446834673/build:/fwbuild-volumes/2.2/apps/Reset/esp32/build_contexts/build_ctx_446834673/build -v /fwbuild-volumes/2.2/apps/Reset/esp32/build_contexts/build_ctx_446834673/libs/rpc-common/include/mg_rpc:/fwbuild-volumes/2.2/apps/Reset/esp32/build_contexts/build_ctx_446834673/libs/rpc-common/include/mg_rpc -v /fwbuild-volumes/2.2/apps/Reset/esp32/build_contexts/build_ctx_446834673/modules/mongoose-os:/mongoose-os --user 0:0 docker.cesanta.com/esp32-build:3.0-rc1-r9 /bin/bash -c nice make '-j' '16' '-C' '/app' '-f' '/mongoose-os/fw/platforms/esp32/Makefile.build' 'all' 'APP_CXXFLAGS=-DMGOS_ENABLE_RPC_CHANNEL_HTTP=1 -DMGOS_ENABLE_RPC_CHANNEL_WS=1 -DMGOS_HAVE_RPC_SERVICE_CONFIG=1 -DMGOS_HAVE_RPC_SERVICE_FS=1 -DMGOS_HAVE_RPC_UART=1 -DMGOS_HAVE_RPC_COMMON=1 -DMGOS_ENABLE_SYS_SERVICE=1' 'FFI_SYMBOLS=' 'PLATFORM=esp32' 'FW_DIR=build/fw' 'MGOS_HAVE_RPC_SERVICE_FS=1' 'APP_SOURCES=/fwbuild-volumes/2.2/apps/Reset/esp32/build_contexts/build_ctx_446834673/src/main.c /fwbuild-volumes/2.2/apps/Reset/esp32/build_contexts/build_ctx_446834673/build/gen/mgos_deps_init.c /fwbuild-volumes/2.2/apps/Reset/esp32/build_contexts/build_ctx_446834673/libs/rpc-common/src/mg_rpc/mg_rpc.c /fwbuild-volumes/2.2/apps/Reset/esp32/build_contexts/build_ctx_446834673/libs/rpc-common/src/mg_rpc/mg_rpc_channel.c /fwbuild-volumes/2.2/apps/Reset/esp32/build_contexts/build_ctx_446834673/libs/rpc-common/src/mg_rpc/mg_rpc_channel_http.c /fwbuild-volumes/2.2/apps/Reset/esp32/build_contexts/build_ctx_446834673/libs/rpc-common/src/mg_rpc/mg_rpc_channel_ws.c /fwbuild-volumes/2.2/apps/Reset/esp32/build_contexts/build_ctx_446834673/libs/rpc-common/src/mgos_rpc.c /fwbuild-volumes/2.2/apps/Reset/esp32/build_contexts/build_ctx_446834673/libs/rpc-service-config/src/mgos_service_config.c /fwbuild-volumes/2.2/apps/Reset/esp32/build_contexts/build_ctx_446834673/libs/rpc-service-fs/src/mgos_service_filesystem.c /fwbuild-volumes/2.2/apps/Reset/esp32/build_contexts/build_ctx_446834673/libs/rpc-uart/src/mgos_rpc_channel_uart.c' 'APP_FS_FILES=/fwbuild-volumes/2.2/apps/Reset/esp32/build_contexts/build_ctx_446834673/fs/index.html /fwbuild-volumes/2.2/apps/Reset/esp32/build_contexts/build_ctx_446834673/fs/init.js' 'APP_CONF_SCHEMA=/fwbuild-volumes/2.2/apps/Reset/esp32/build_contexts/build_ctx_446834673/build/gen/mos_conf_schema.yml' 'FS_STAGING_DIR=build/fs' 'MGOS_HAVE_RPC_COMMON=1' 'APP_BIN_LIBS=' 'APP_CFLAGS=-DMGOS_ENABLE_SYS_SERVICE=1 -DMGOS_ENABLE_RPC_CHANNEL_HTTP=1 -DMGOS_ENABLE_RPC_CHANNEL_WS=1 -DMGOS_HAVE_RPC_SERVICE_CONFIG=1 -DMGOS_HAVE_RPC_SERVICE_FS=1 -DMGOS_HAVE_RPC_UART=1 -DMGOS_HAVE_RPC_COMMON=1' 'BUILD_DIR=/fwbuild-volumes/2.2/apps/Reset/esp32/build_contexts/build_ctx_446834673/build/objs' 'ESP_IDF_SDKCONFIG_OPTS=' 'MGOS_HAVE_RPC_SERVICE_CONFIG=1' 'MGOS_HAVE_RPC_UART=1' 'APP=Reset' 'APP_INCLUDES=/fwbuild-volumes/2.2/apps/Reset/esp32/build_contexts/build_ctx_446834673/libs/rpc-common/include/mg_rpc /fwbuild-volumes/2.2/apps/Reset/esp32/build_contexts/build_ctx_446834673/libs/rpc-common/include /fwbuild-volumes/2.2/apps/Reset/esp32/build_contexts/build_ctx_446834673/libs/rpc-service-config/include /fwbuild-volumes/2.2/apps/Reset/esp32/build_contexts/build_ctx_446834673/libs/rpc-service-fs/include /fwbuild-volumes/2.2/apps/Reset/esp32/build_contexts/build_ctx_446834673/libs/rpc-uart/include' 'MANIFEST_FINAL=/fwbuild-volumes/2.2/apps/Reset/esp32/build_contexts/build_ctx_446834673/build/gen/mos_final.yml' 'MGOS_PATH=/mongoose-os' 'GEN_DIR=/fwbuild-volumes/2.2/apps/Reset/esp32/build_contexts/build_ctx_446834673/build/gen' 'ESP_IDF_EXTRA_COMPONENTS=' 'APP_VERSION=1.0'
make: Entering directory '/app'
/mongoose-os/fw/platforms/esp32/Makefile.build:178: warning: overriding recipe for target 'defconfig'
/opt/Espressif/esp-idf/make/project_config.mk:75: warning: ignoring old recipe for target 'defconfig'
/mongoose-os/fw/platforms/esp32/Makefile.build:178: warning: overriding recipe for target 'menuconfig'
/opt/Espressif/esp-idf/make/project_config.mk:62: warning: ignoring old recipe for target 'menuconfig'
make[1]: Entering directory '/opt/Espressif/esp-idf/components/bootloader/subproject'
make[1]: Entering directory '/fwbuild-volumes/2.2/apps/Reset/esp32/build_contexts/build_ctx_446834673/build/objs/mosapp'
CC mgos_net.o
CC mgos_debug.o
CC mgos_config_util.o
CC mgos_bitbang.o
CC mgos_core_dump.o
CC mgos_hal_freertos.o
CC mgos_dlsym.o
CC mgos_event.o
CC mgos_gpio.o
CC mgos_init.o
CC mgos_mmap_esp.o
CC mgos_mongoose.o
CC /fwbuild-volumes/2.2/apps/Reset/esp32/build_contexts/build_ctx_446834673/build/gen/mgos_config.o
CC mgos_ro_vars.o
CC mgos_sys_config.o
In file included from /mongoose-os/fw/src/mgos_net_hal.h:9:0,
                 from /mongoose-os/fw/src/mgos_net.c:18:
/mongoose-os/fw/include/mgos_net.h:31:22: fatal error: mongoose.h: No such file or directory
compilation terminated.
/mongoose-os/fw/platforms/esp32/src/esp32_src.mk:123: recipe for target 'mgos_net.o' failed
make[1]: *** [mgos_net.o] Error 1
make[1]: *** Waiting for unfinished jobs....
In file included from /mongoose-os/fw/src/mgos_mongoose_internal.h:13:0,
                 from /mongoose-os/fw/src/mgos_mongoose.c:18:
/mongoose-os/fw/include/mgos_mongoose.h:30:22: fatal error: mongoose.h: No such file or directory
compilation terminated.
/mongoose-os/fw/platforms/esp32/src/esp32_src.mk:123: recipe for target 'mgos_mongoose.o' failed
make[1]: *** [mgos_mongoose.o] Error 1
/mongoose-os/fw/src/mgos_config_util.c:27:22: fatal error: mongoose.h: No such file or directory
compilation terminated.
/mongoose-os/fw/src/mgos_debug.c:26:22: fatal error: mongoose.h: No such file or directory
compilation terminated.
make[1]: *** [mgos_config_util.o] Error 1
/mongoose-os/fw/platforms/esp32/src/esp32_src.mk:123: recipe for target 'mgos_config_util.o' failed
/mongoose-os/fw/platforms/esp32/src/esp32_src.mk:123: recipe for target 'mgos_debug.o' failed
make[1]: *** [mgos_debug.o] Error 1
In file included from /mongoose-os/fw/include/mgos.h:38:0,
                 from /mongoose-os/fw/src/mgos_init.c:20:
/mongoose-os/fw/include/mgos_mongoose.h:30:22: fatal error: mongoose.h: No such file or directory
compilation terminated.
make[1]: *** [mgos_init.o] Error 1
/mongoose-os/fw/platforms/esp32/src/esp32_src.mk:123: recipe for target 'mgos_init.o' failed
In file included from /mongoose-os/fw/src/mgos_sys_config.c:37:0:
/mongoose-os/fw/include/mgos_mongoose.h:30:22: fatal error: mongoose.h: No such file or directory
compilation terminated.
/mongoose-os/fw/platforms/esp32/src/esp32_src.mk:123: recipe for target 'mgos_sys_config.o' failed
make[1]: *** [mgos_sys_config.o] Error 1
In file included from /mongoose-os/fw/src/mgos_mongoose_internal.h:13:0,
                 from /mongoose-os/fw/src/mgos_hal_freertos.c:34:
/mongoose-os/fw/include/mgos_mongoose.h:30:22: fatal error: mongoose.h: No such file or directory
compilation terminated.
/mongoose-os/fw/platforms/esp32/src/esp32_src.mk:123: recipe for target 'mgos_hal_freertos.o' failed
make[1]: *** [mgos_hal_freertos.o] Error 1
make[1]: Leaving directory '/opt/Espressif/esp-idf/components/bootloader/subproject'
make[1]: Leaving directory '/fwbuild-volumes/2.2/apps/Reset/esp32/build_contexts/build_ctx_446834673/build/objs/mosapp'
/opt/Espressif/esp-idf/make/project.mk:466: recipe for target 'component-mosapp-build' failed
make: *** [component-mosapp-build] Error 2
make: Leaving directory '/app'
Error: exit status 2
